110319  9:18:02 [Note] Plugin 'FEDERATED' is disabled.
InnoDB: The log sequence number in ibdata files does not match
InnoDB: the log sequence number in the ib_logfiles!
110319  9:18:03  InnoDB: Database was not shut down normally!
InnoDB: Starting crash recovery.
InnoDB: Reading tablespace information from the .ibd files...
InnoDB: Restoring possible half-written data pages from the doublewrite
InnoDB: buffer...
110319  9:18:03  InnoDB: Started; log sequence number 0 162264
110319  9:18:03 [Note] Event Scheduler: Loaded 0 events
110319  9:18:03 [Note] C:\wmnp-0.1.3\wmnp-0.1.3\etc\script\..\..\mysql\bin\mysqld.exe: ready for connections.
Version: '5.1.48-community'  socket: ''  port: 3306  MySQL Community Server (GPL)
110319 10:00:25 [Note] Plugin 'FEDERATED' is disabled.
InnoDB: The log sequence number in ibdata files does not match
InnoDB: the log sequence number in the ib_logfiles!
110319 10:00:26  InnoDB: Database was not shut down normally!
InnoDB: Starting crash recovery.
InnoDB: Reading tablespace information from the .ibd files...
InnoDB: Restoring possible half-written data pages from the doublewrite
InnoDB: buffer...
110319 10:00:26  InnoDB: Started; log sequence number 0 162264
110319 10:00:26 [Note] Event Scheduler: Loaded 0 events
110319 10:00:26 [Note] C:\wmnp-0.1.3\etc\script\..\..\mysql\bin\mysqld.exe: ready for connections.
Version: '5.1.48-community'  socket: ''  port: 3306  MySQL Community Server (GPL)
110319 12:43:30 [Note] Plugin 'FEDERATED' is disabled.
InnoDB: The log sequence number in ibdata files does not match
InnoDB: the log sequence number in the ib_logfiles!
110319 12:43:30  InnoDB: Database was not shut down normally!
InnoDB: Starting crash recovery.
InnoDB: Reading tablespace information from the .ibd files...
InnoDB: Restoring possible half-written data pages from the doublewrite
InnoDB: buffer...
110319 12:43:30  InnoDB: Started; log sequence number 0 162264
110319 12:43:30 [Note] Event Scheduler: Loaded 0 events
110319 12:43:30 [Note] C:\wmnp-0.1.3\etc\script\..\..\mysql\bin\mysqld.exe: ready for connections.
Version: '5.1.48-community'  socket: ''  port: 3306  MySQL Community Server (GPL)
110319 12:47:36 [Note] Plugin 'FEDERATED' is disabled.
InnoDB: The log sequence number in ibdata files does not match
InnoDB: the log sequence number in the ib_logfiles!
110319 12:47:37  InnoDB: Database was not shut down normally!
InnoDB: Starting crash recovery.
InnoDB: Reading tablespace information from the .ibd files...
InnoDB: Restoring possible half-written data pages from the doublewrite
InnoDB: buffer...
110319 12:47:37  InnoDB: Started; log sequence number 0 162264
110319 12:47:37 [Note] Event Scheduler: Loaded 0 events
110319 12:47:37 [Note] C:\wmnp-0.1.3\etc\script\..\..\mysql\bin\mysqld.exe: ready for connections.
Version: '5.1.48-community'  socket: ''  port: 3306  MySQL Community Server (GPL)
110319 13:26:22 [Note] Plugin 'FEDERATED' is disabled.
InnoDB: The log sequence number in ibdata files does not match
InnoDB: the log sequence number in the ib_logfiles!
110319 13:26:22  InnoDB: Database was not shut down normally!
InnoDB: Starting crash recovery.
InnoDB: Reading tablespace information from the .ibd files...
InnoDB: Restoring possible half-written data pages from the doublewrite
InnoDB: buffer...
110319 13:26:23  InnoDB: Started; log sequence number 0 162264
110319 13:26:23 [Note] Event Scheduler: Loaded 0 events
110319 13:26:23 [Note] C:\wmnp-0.1.3\etc\script\..\..\mysql\bin\mysqld.exe: ready for connections.
Version: '5.1.48-community'  socket: ''  port: 3306  MySQL Community Server (GPL)
110319 13:46:50 [Note] Plugin 'FEDERATED' is disabled.
InnoDB: The log sequence number in ibdata files does not match
InnoDB: the log sequence number in the ib_logfiles!
110319 13:46:51  InnoDB: Database was not shut down normally!
InnoDB: Starting crash recovery.
InnoDB: Reading tablespace information from the .ibd files...
InnoDB: Restoring possible half-written data pages from the doublewrite
InnoDB: buffer...
110319 13:46:52  InnoDB: Started; log sequence number 0 162264
110319 13:46:52 [Note] Event Scheduler: Loaded 0 events
110319 13:46:52 [Note] C:\wmnp-0.1.3\etc\script\..\..\mysql\bin\mysqld.exe: ready for connections.
Version: '5.1.48-community'  socket: ''  port: 3306  MySQL Community Server (GPL)
110319 13:50:01 [Note] Plugin 'FEDERATED' is disabled.
InnoDB: The log sequence number in ibdata files does not match
InnoDB: the log sequence number in the ib_logfiles!
110319 13:50:01  InnoDB: Database was not shut down normally!
InnoDB: Starting crash recovery.
InnoDB: Reading tablespace information from the .ibd files...
InnoDB: Restoring possible half-written data pages from the doublewrite
InnoDB: buffer...
110319 13:50:01  InnoDB: Started; log sequence number 0 162264
110319 13:50:01 [Note] Event Scheduler: Loaded 0 events
110319 13:50:01 [Note] C:\wmnp-0.1.3\etc\script\..\..\mysql\bin\mysqld.exe: ready for connections.
Version: '5.1.48-community'  socket: ''  port: 3306  MySQL Community Server (GPL)
110319 13:52:39 [Note] Plugin 'FEDERATED' is disabled.
InnoDB: The log sequence number in ibdata files does not match
InnoDB: the log sequence number in the ib_logfiles!
110319 13:52:39  InnoDB: Database was not shut down normally!
InnoDB: Starting crash recovery.
InnoDB: Reading tablespace information from the .ibd files...
InnoDB: Restoring possible half-written data pages from the doublewrite
InnoDB: buffer...
110319 13:52:39  InnoDB: Started; log sequence number 0 162264
110319 13:52:39 [Note] Event Scheduler: Loaded 0 events
110319 13:52:39 [Note] C:\wmnp-0.1.3\etc\script\..\..\mysql\bin\mysqld.exe: ready for connections.
Version: '5.1.48-community'  socket: ''  port: 3306  MySQL Community Server (GPL)
110319 14:05:47 [Note] Plugin 'FEDERATED' is disabled.
InnoDB: The log sequence number in ibdata files does not match
InnoDB: the log sequence number in the ib_logfiles!
110319 14:05:47  InnoDB: Database was not shut down normally!
InnoDB: Starting crash recovery.
InnoDB: Reading tablespace information from the .ibd files...
InnoDB: Restoring possible half-written data pages from the doublewrite
InnoDB: buffer...
110319 14:05:47  InnoDB: Started; log sequence number 0 162264
110319 14:05:47 [Note] Event Scheduler: Loaded 0 events
110319 14:05:47 [Note] C:\wmnp-0.1.3\etc\script\..\..\mysql\bin\mysqld.exe: ready for connections.
Version: '5.1.48-community'  socket: ''  port: 3306  MySQL Community Server (GPL)
110319 14:20:41 [Note] Plugin 'FEDERATED' is disabled.
InnoDB: The log sequence number in ibdata files does not match
InnoDB: the log sequence number in the ib_logfiles!
110319 14:20:41  InnoDB: Database was not shut down normally!
InnoDB: Starting crash recovery.
InnoDB: Reading tablespace information from the .ibd files...
InnoDB: Restoring possible half-written data pages from the doublewrite
InnoDB: buffer...
110319 14:20:42  InnoDB: Started; log sequence number 0 162264
110319 14:20:42 [Note] Event Scheduler: Loaded 0 events
110319 14:20:42 [Note] E:\wmnp-0.1.3\etc\script\..\..\mysql\bin\mysqld.exe: ready for connections.
Version: '5.1.48-community'  socket: ''  port: 3306  MySQL Community Server (GPL)
