100914  9:50:27 [Note] Plugin 'FEDERATED' is disabled.
InnoDB: The first specified data file .\ibdata1 did not exist:
InnoDB: a new database to be created!
100914  9:50:28  InnoDB: Setting file .\ibdata1 size to 10 MB
InnoDB: Database physically writes the file full: wait...
100914  9:50:28  InnoDB: Log file .\ib_logfile0 did not exist: new to be created
InnoDB: Setting log file .\ib_logfile0 size to 5 MB
InnoDB: Database physically writes the file full: wait...
100914  9:50:28  InnoDB: Log file .\ib_logfile1 did not exist: new to be created
InnoDB: Setting log file .\ib_logfile1 size to 5 MB
InnoDB: Database physically writes the file full: wait...
InnoDB: Doublewrite buffer not found: creating new
InnoDB: Doublewrite buffer created
InnoDB: Creating foreign key constraint system tables
InnoDB: Foreign key constraint system tables created
100914  9:50:29  InnoDB: Started; log sequence number 0 0
100914  9:50:29 [Note] Event Scheduler: Loaded 0 events
100914  9:50:29 [Note] C:\tmp\mysql\bin\mysqld.exe: ready for connections.
Version: '5.1.48-community'  socket: ''  port: 3306  MySQL Community Server (GPL)
101202 17:27:53 [Note] Plugin 'FEDERATED' is disabled.
InnoDB: The log sequence number in ibdata files does not match
InnoDB: the log sequence number in the ib_logfiles!
101202 17:27:54  InnoDB: Database was not shut down normally!
InnoDB: Starting crash recovery.
InnoDB: Reading tablespace information from the .ibd files...
InnoDB: Restoring possible half-written data pages from the doublewrite
InnoDB: buffer...
101202 17:27:54  InnoDB: Started; log sequence number 0 44233
101202 17:27:55 [Note] Event Scheduler: Loaded 0 events
101202 17:27:55 [Note] C:\tmp\server\mysql\bin\mysqld.exe: ready for connections.
Version: '5.1.48-community'  socket: ''  port: 3306  MySQL Community Server (GPL)
101202 17:29:03 [Note] C:\tmp\server\mysql\bin\mysqld.exe: Normal shutdown

101202 17:29:03 [Note] Event Scheduler: Purging the queue. 0 events
101202 17:29:03  InnoDB: Starting shutdown...
101202 17:29:05  InnoDB: Shutdown completed; log sequence number 0 44233
101202 17:29:05 [Note] C:\tmp\server\mysql\bin\mysqld.exe: Shutdown complete

101202 17:29:09 [Note] Plugin 'FEDERATED' is disabled.
101202 17:29:10  InnoDB: Started; log sequence number 0 44233
101202 17:29:10 [Note] Event Scheduler: Loaded 0 events
101202 17:29:10 [Note] C:\tmp\server\mysql\bin\mysqld.exe: ready for connections.
Version: '5.1.48-community'  socket: ''  port: 3306  MySQL Community Server (GPL)
101202 17:46:41 [Note] C:\tmp\server\mysql\bin\mysqld.exe: Normal shutdown

101202 17:46:42 [Note] Event Scheduler: Purging the queue. 0 events
101202 17:46:44 [Warning] C:\tmp\server\mysql\bin\mysqld.exe: Forcing close of thread 9  user: 'root'

101202 17:46:44 [Warning] C:\tmp\server\mysql\bin\mysqld.exe: Forcing close of thread 8  user: 'root'

101202 17:46:44 [Warning] C:\tmp\server\mysql\bin\mysqld.exe: Forcing close of thread 7  user: 'root'

101202 17:46:44 [Warning] C:\tmp\server\mysql\bin\mysqld.exe: Forcing close of thread 6  user: 'root'

101202 17:46:44 [Warning] C:\tmp\server\mysql\bin\mysqld.exe: Forcing close of thread 5  user: 'root'

101202 17:46:44 [Warning] C:\tmp\server\mysql\bin\mysqld.exe: Forcing close of thread 4  user: 'root'

101202 17:46:44 [Warning] C:\tmp\server\mysql\bin\mysqld.exe: Forcing close of thread 3  user: 'root'

101202 17:46:44 [Warning] C:\tmp\server\mysql\bin\mysqld.exe: Forcing close of thread 2  user: 'root'

101202 17:46:44  InnoDB: Starting shutdown...
101202 17:46:46  InnoDB: Shutdown completed; log sequence number 0 162224
101202 17:46:46 [Note] C:\tmp\server\mysql\bin\mysqld.exe: Shutdown complete

101202 18:03:49 [Note] Plugin 'FEDERATED' is disabled.
101202 18:03:50  InnoDB: Started; log sequence number 0 162224
101202 18:03:51 [Note] Event Scheduler: Loaded 0 events
101202 18:03:51 [Note] C:\tmp\server\mysql\bin\mysqld.exe: ready for connections.
Version: '5.1.48-community'  socket: ''  port: 3306  MySQL Community Server (GPL)
101202 18:04:34 [Note] Plugin 'FEDERATED' is disabled.
101202 18:04:35  InnoDB: Operating system error number 32 in a file operation.
InnoDB: The error means that another program is using InnoDB's files.
InnoDB: This might be a backup or antivirus software or another instance
InnoDB: of MySQL. Please close it to get rid of this error.
101202 18:04:51 [Note] Plugin 'FEDERATED' is disabled.
101202 18:04:51  InnoDB: Operating system error number 32 in a file operation.
InnoDB: The error means that another program is using InnoDB's files.
InnoDB: This might be a backup or antivirus software or another instance
InnoDB: of MySQL. Please close it to get rid of this error.
101202 18:05:26 [Note] Plugin 'FEDERATED' is disabled.
101202 18:05:26  InnoDB: Operating system error number 32 in a file operation.
InnoDB: The error means that another program is using InnoDB's files.
InnoDB: This might be a backup or antivirus software or another instance
InnoDB: of MySQL. Please close it to get rid of this error.
101202 18:06:02 [Note] Plugin 'FEDERATED' is disabled.
101202 18:06:02  InnoDB: Operating system error number 32 in a file operation.
InnoDB: The error means that another program is using InnoDB's files.
InnoDB: This might be a backup or antivirus software or another instance
InnoDB: of MySQL. Please close it to get rid of this error.
101202 18:06:12  InnoDB: Operating system error number 32 in a file operation.
InnoDB: The error means that another program is using InnoDB's files.
InnoDB: This might be a backup or antivirus software or another instance
InnoDB: of MySQL. Please close it to get rid of this error.
101202 18:06:20 [Note] Plugin 'FEDERATED' is disabled.
101202 18:06:20  InnoDB: Operating system error number 32 in a file operation.
InnoDB: The error means that another program is using InnoDB's files.
InnoDB: This might be a backup or antivirus software or another instance
InnoDB: of MySQL. Please close it to get rid of this error.
101202 18:06:22  InnoDB: Operating system error number 32 in a file operation.
InnoDB: The error means that another program is using InnoDB's files.
InnoDB: This might be a backup or antivirus software or another instance
InnoDB: of MySQL. Please close it to get rid of this error.
101202 18:06:30  InnoDB: Operating system error number 32 in a file operation.
InnoDB: The error means that another program is using InnoDB's files.
InnoDB: This might be a backup or antivirus software or another instance
InnoDB: of MySQL. Please close it to get rid of this error.
101202 18:06:32  InnoDB: Operating system error number 32 in a file operation.
InnoDB: The error means that another program is using InnoDB's files.
InnoDB: This might be a backup or antivirus software or another instance
InnoDB: of MySQL. Please close it to get rid of this error.
101202 18:06:40  InnoDB: Operating system error number 32 in a file operation.
InnoDB: The error means that another program is using InnoDB's files.
InnoDB: This might be a backup or antivirus software or another instance
InnoDB: of MySQL. Please close it to get rid of this error.
101202 18:06:42  InnoDB: Operating system error number 32 in a file operation.
InnoDB: The error means that another program is using InnoDB's files.
InnoDB: This might be a backup or antivirus software or another instance
InnoDB: of MySQL. Please close it to get rid of this error.
101202 18:06:50  InnoDB: Operating system error number 32 in a file operation.
InnoDB: The error means that another program is using InnoDB's files.
InnoDB: This might be a backup or antivirus software or another instance
InnoDB: of MySQL. Please close it to get rid of this error.
101202 18:06:52  InnoDB: Operating system error number 32 in a file operation.
InnoDB: The error means that another program is using InnoDB's files.
InnoDB: This might be a backup or antivirus software or another instance
InnoDB: of MySQL. Please close it to get rid of this error.
101202 18:07:00  InnoDB: Operating system error number 32 in a file operation.
InnoDB: The error means that another program is using InnoDB's files.
InnoDB: This might be a backup or antivirus software or another instance
InnoDB: of MySQL. Please close it to get rid of this error.
101202 18:07:02  InnoDB: Operating system error number 32 in a file operation.
InnoDB: The error means that another program is using InnoDB's files.
InnoDB: This might be a backup or antivirus software or another instance
InnoDB: of MySQL. Please close it to get rid of this error.
101202 18:07:10  InnoDB: Operating system error number 32 in a file operation.
InnoDB: The error means that another program is using InnoDB's files.
InnoDB: This might be a backup or antivirus software or another instance
InnoDB: of MySQL. Please close it to get rid of this error.
101202 18:07:12  InnoDB: Operating system error number 32 in a file operation.
InnoDB: The error means that another program is using InnoDB's files.
InnoDB: This might be a backup or antivirus software or another instance
InnoDB: of MySQL. Please close it to get rid of this error.
101202 18:07:20  InnoDB: Operating system error number 32 in a file operation.
InnoDB: The error means that another program is using InnoDB's files.
InnoDB: This might be a backup or antivirus software or another instance
InnoDB: of MySQL. Please close it to get rid of this error.
101202 18:07:22  InnoDB: Operating system error number 32 in a file operation.
InnoDB: The error means that another program is using InnoDB's files.
InnoDB: This might be a backup or antivirus software or another instance
InnoDB: of MySQL. Please close it to get rid of this error.
101202 18:07:30  InnoDB: Operating system error number 32 in a file operation.
InnoDB: The error means that another program is using InnoDB's files.
InnoDB: This might be a backup or antivirus software or another instance
InnoDB: of MySQL. Please close it to get rid of this error.
101202 18:07:32  InnoDB: Operating system error number 32 in a file operation.
InnoDB: The error means that another program is using InnoDB's files.
InnoDB: This might be a backup or antivirus software or another instance
InnoDB: of MySQL. Please close it to get rid of this error.
101202 18:07:40  InnoDB: Operating system error number 32 in a file operation.
InnoDB: The error means that another program is using InnoDB's files.
InnoDB: This might be a backup or antivirus software or another instance
InnoDB: of MySQL. Please close it to get rid of this error.
101202 18:07:42  InnoDB: Operating system error number 32 in a file operation.
InnoDB: The error means that another program is using InnoDB's files.
InnoDB: This might be a backup or antivirus software or another instance
InnoDB: of MySQL. Please close it to get rid of this error.
101202 18:07:50  InnoDB: Operating system error number 32 in a file operation.
InnoDB: The error means that another program is using InnoDB's files.
InnoDB: This might be a backup or antivirus software or another instance
InnoDB: of MySQL. Please close it to get rid of this error.
101202 18:07:52  InnoDB: Operating system error number 32 in a file operation.
InnoDB: The error means that another program is using InnoDB's files.
InnoDB: This might be a backup or antivirus software or another instance
InnoDB: of MySQL. Please close it to get rid of this error.
101202 18:08:00  InnoDB: Operating system error number 32 in a file operation.
InnoDB: The error means that another program is using InnoDB's files.
InnoDB: This might be a backup or antivirus software or another instance
InnoDB: of MySQL. Please close it to get rid of this error.
101202 18:08:02  InnoDB: Operating system error number 32 in a file operation.
InnoDB: The error means that another program is using InnoDB's files.
InnoDB: This might be a backup or antivirus software or another instance
InnoDB: of MySQL. Please close it to get rid of this error.
101202 18:08:10  InnoDB: Operating system error number 32 in a file operation.
InnoDB: The error means that another program is using InnoDB's files.
InnoDB: This might be a backup or antivirus software or another instance
InnoDB: of MySQL. Please close it to get rid of this error.
101202 18:08:12  InnoDB: Operating system error number 32 in a file operation.
InnoDB: The error means that another program is using InnoDB's files.
InnoDB: This might be a backup or antivirus software or another instance
InnoDB: of MySQL. Please close it to get rid of this error.
101202 18:08:20  InnoDB: Operating system error number 32 in a file operation.
InnoDB: The error means that another program is using InnoDB's files.
InnoDB: This might be a backup or antivirus software or another instance
InnoDB: of MySQL. Please close it to get rid of this error.
101202 18:08:22  InnoDB: Operating system error number 32 in a file operation.
InnoDB: The error means that another program is using InnoDB's files.
InnoDB: This might be a backup or antivirus software or another instance
InnoDB: of MySQL. Please close it to get rid of this error.
101202 18:08:30  InnoDB: Operating system error number 32 in a file operation.
InnoDB: The error means that another program is using InnoDB's files.
InnoDB: This might be a backup or antivirus software or another instance
InnoDB: of MySQL. Please close it to get rid of this error.
101202 18:08:32  InnoDB: Operating system error number 32 in a file operation.
InnoDB: The error means that another program is using InnoDB's files.
InnoDB: This might be a backup or antivirus software or another instance
InnoDB: of MySQL. Please close it to get rid of this error.
101202 18:08:40  InnoDB: Operating system error number 32 in a file operation.
InnoDB: The error means that another program is using InnoDB's files.
InnoDB: This might be a backup or antivirus software or another instance
InnoDB: of MySQL. Please close it to get rid of this error.
101202 18:08:42  InnoDB: Operating system error number 32 in a file operation.
InnoDB: The error means that another program is using InnoDB's files.
InnoDB: This might be a backup or antivirus software or another instance
InnoDB: of MySQL. Please close it to get rid of this error.
101202 18:08:50  InnoDB: Operating system error number 32 in a file operation.
InnoDB: The error means that another program is using InnoDB's files.
InnoDB: This might be a backup or antivirus software or another instance
InnoDB: of MySQL. Please close it to get rid of this error.
101202 18:08:52  InnoDB: Operating system error number 32 in a file operation.
InnoDB: The error means that another program is using InnoDB's files.
InnoDB: This might be a backup or antivirus software or another instance
InnoDB: of MySQL. Please close it to get rid of this error.
101202 18:09:00  InnoDB: Operating system error number 32 in a file operation.
InnoDB: The error means that another program is using InnoDB's files.
InnoDB: This might be a backup or antivirus software or another instance
InnoDB: of MySQL. Please close it to get rid of this error.
101202 18:09:02  InnoDB: Operating system error number 32 in a file operation.
InnoDB: The error means that another program is using InnoDB's files.
InnoDB: This might be a backup or antivirus software or another instance
InnoDB: of MySQL. Please close it to get rid of this error.
101202 18:09:10  InnoDB: Operating system error number 32 in a file operation.
InnoDB: The error means that another program is using InnoDB's files.
InnoDB: This might be a backup or antivirus software or another instance
InnoDB: of MySQL. Please close it to get rid of this error.
101202 18:09:12  InnoDB: Operating system error number 32 in a file operation.
InnoDB: The error means that another program is using InnoDB's files.
InnoDB: This might be a backup or antivirus software or another instance
InnoDB: of MySQL. Please close it to get rid of this error.
101202 18:09:20  InnoDB: Operating system error number 32 in a file operation.
InnoDB: The error means that another program is using InnoDB's files.
InnoDB: This might be a backup or antivirus software or another instance
InnoDB: of MySQL. Please close it to get rid of this error.
101202 18:09:22  InnoDB: Operating system error number 32 in a file operation.
InnoDB: The error means that another program is using InnoDB's files.
InnoDB: This might be a backup or antivirus software or another instance
InnoDB: of MySQL. Please close it to get rid of this error.
101202 18:09:30  InnoDB: Operating system error number 32 in a file operation.
InnoDB: The error means that another program is using InnoDB's files.
InnoDB: This might be a backup or antivirus software or another instance
InnoDB: of MySQL. Please close it to get rid of this error.
101202 18:09:32  InnoDB: Operating system error number 32 in a file operation.
InnoDB: The error means that another program is using InnoDB's files.
InnoDB: This might be a backup or antivirus software or another instance
InnoDB: of MySQL. Please close it to get rid of this error.
101202 18:09:40  InnoDB: Operating system error number 32 in a file operation.
InnoDB: The error means that another program is using InnoDB's files.
InnoDB: This might be a backup or antivirus software or another instance
InnoDB: of MySQL. Please close it to get rid of this error.
101202 18:09:42  InnoDB: Operating system error number 32 in a file operation.
InnoDB: The error means that another program is using InnoDB's files.
InnoDB: This might be a backup or antivirus software or another instance
InnoDB: of MySQL. Please close it to get rid of this error.
101202 18:09:50  InnoDB: Operating system error number 32 in a file operation.
InnoDB: The error means that another program is using InnoDB's files.
InnoDB: This might be a backup or antivirus software or another instance
InnoDB: of MySQL. Please close it to get rid of this error.
101202 18:09:52  InnoDB: Operating system error number 32 in a file operation.
InnoDB: The error means that another program is using InnoDB's files.
InnoDB: This might be a backup or antivirus software or another instance
InnoDB: of MySQL. Please close it to get rid of this error.
101202 18:10:00  InnoDB: Operating system error number 32 in a file operation.
InnoDB: The error means that another program is using InnoDB's files.
InnoDB: This might be a backup or antivirus software or another instance
InnoDB: of MySQL. Please close it to get rid of this error.
101202 18:10:02  InnoDB: Operating system error number 32 in a file operation.
InnoDB: The error means that another program is using InnoDB's files.
InnoDB: This might be a backup or antivirus software or another instance
InnoDB: of MySQL. Please close it to get rid of this error.
101202 18:10:10  InnoDB: Operating system error number 32 in a file operation.
InnoDB: The error means that another program is using InnoDB's files.
InnoDB: This might be a backup or antivirus software or another instance
InnoDB: of MySQL. Please close it to get rid of this error.
101202 18:10:12  InnoDB: Operating system error number 32 in a file operation.
InnoDB: The error means that another program is using InnoDB's files.
InnoDB: This might be a backup or antivirus software or another instance
InnoDB: of MySQL. Please close it to get rid of this error.
101202 18:10:20  InnoDB: Operating system error number 32 in a file operation.
InnoDB: The error means that another program is using InnoDB's files.
InnoDB: This might be a backup or antivirus software or another instance
InnoDB: of MySQL. Please close it to get rid of this error.
101202 18:10:22  InnoDB: Operating system error number 32 in a file operation.
InnoDB: The error means that another program is using InnoDB's files.
InnoDB: This might be a backup or antivirus software or another instance
InnoDB: of MySQL. Please close it to get rid of this error.
101202 18:10:30  InnoDB: Operating system error number 32 in a file operation.
InnoDB: The error means that another program is using InnoDB's files.
InnoDB: This might be a backup or antivirus software or another instance
InnoDB: of MySQL. Please close it to get rid of this error.
101202 18:10:32  InnoDB: Operating system error number 32 in a file operation.
InnoDB: The error means that another program is using InnoDB's files.
InnoDB: This might be a backup or antivirus software or another instance
InnoDB: of MySQL. Please close it to get rid of this error.
101202 18:10:40  InnoDB: Operating system error number 32 in a file operation.
InnoDB: The error means that another program is using InnoDB's files.
InnoDB: This might be a backup or antivirus software or another instance
InnoDB: of MySQL. Please close it to get rid of this error.
101202 18:10:42  InnoDB: Operating system error number 32 in a file operation.
InnoDB: The error means that another program is using InnoDB's files.
InnoDB: This might be a backup or antivirus software or another instance
InnoDB: of MySQL. Please close it to get rid of this error.
101202 18:10:50  InnoDB: Operating system error number 32 in a file operation.
InnoDB: The error means that another program is using InnoDB's files.
InnoDB: This might be a backup or antivirus software or another instance
InnoDB: of MySQL. Please close it to get rid of this error.
101202 18:10:52  InnoDB: Operating system error number 32 in a file operation.
InnoDB: The error means that another program is using InnoDB's files.
InnoDB: This might be a backup or antivirus software or another instance
InnoDB: of MySQL. Please close it to get rid of this error.
101202 18:11:00  InnoDB: Operating system error number 32 in a file operation.
InnoDB: The error means that another program is using InnoDB's files.
InnoDB: This might be a backup or antivirus software or another instance
InnoDB: of MySQL. Please close it to get rid of this error.
101202 18:11:02  InnoDB: Operating system error number 32 in a file operation.
InnoDB: The error means that another program is using InnoDB's files.
InnoDB: This might be a backup or antivirus software or another instance
InnoDB: of MySQL. Please close it to get rid of this error.
101202 18:11:10  InnoDB: Operating system error number 32 in a file operation.
InnoDB: The error means that another program is using InnoDB's files.
InnoDB: This might be a backup or antivirus software or another instance
InnoDB: of MySQL. Please close it to get rid of this error.
101202 18:11:12  InnoDB: Operating system error number 32 in a file operation.
InnoDB: The error means that another program is using InnoDB's files.
InnoDB: This might be a backup or antivirus software or another instance
InnoDB: of MySQL. Please close it to get rid of this error.
101202 18:11:20  InnoDB: Operating system error number 32 in a file operation.
InnoDB: The error means that another program is using InnoDB's files.
InnoDB: This might be a backup or antivirus software or another instance
InnoDB: of MySQL. Please close it to get rid of this error.
101202 18:11:22  InnoDB: Operating system error number 32 in a file operation.
InnoDB: The error means that another program is using InnoDB's files.
InnoDB: This might be a backup or antivirus software or another instance
InnoDB: of MySQL. Please close it to get rid of this error.
101202 18:11:30  InnoDB: Operating system error number 32 in a file operation.
InnoDB: The error means that another program is using InnoDB's files.
InnoDB: This might be a backup or antivirus software or another instance
InnoDB: of MySQL. Please close it to get rid of this error.
101202 18:11:32  InnoDB: Operating system error number 32 in a file operation.
InnoDB: The error means that another program is using InnoDB's files.
InnoDB: This might be a backup or antivirus software or another instance
InnoDB: of MySQL. Please close it to get rid of this error.
101202 18:11:40  InnoDB: Operating system error number 32 in a file operation.
InnoDB: The error means that another program is using InnoDB's files.
InnoDB: This might be a backup or antivirus software or another instance
InnoDB: of MySQL. Please close it to get rid of this error.
101202 18:11:42  InnoDB: Operating system error number 32 in a file operation.
InnoDB: The error means that another program is using InnoDB's files.
InnoDB: This might be a backup or antivirus software or another instance
InnoDB: of MySQL. Please close it to get rid of this error.
101202 18:11:50  InnoDB: Operating system error number 32 in a file operation.
InnoDB: The error means that another program is using InnoDB's files.
InnoDB: This might be a backup or antivirus software or another instance
InnoDB: of MySQL. Please close it to get rid of this error.
101202 18:11:52  InnoDB: Operating system error number 32 in a file operation.
InnoDB: The error means that another program is using InnoDB's files.
InnoDB: This might be a backup or antivirus software or another instance
InnoDB: of MySQL. Please close it to get rid of this error.
101227  9:28:52 [Note] Plugin 'FEDERATED' is disabled.
101227  9:28:54  InnoDB: Started; log sequence number 0 162224
101227  9:28:56 [Note] Event Scheduler: Loaded 0 events
101227  9:28:56 [Note] D:\superServer\tmp\mysql\bin\mysqld.exe: ready for connections.
Version: '5.1.48-community'  socket: ''  port: 3306  MySQL Community Server (GPL)
101227 16:43:41 [Note] Plugin 'FEDERATED' is disabled.
101227 16:43:42  InnoDB: Started; log sequence number 0 162224
101227 16:43:43 [Note] Event Scheduler: Loaded 0 events
101227 16:43:43 [Note] D:\superServer\serv\assets\..\mysql\bin\mysqld.exe: ready for connections.
Version: '5.1.48-community'  socket: ''  port: 3306  MySQL Community Server (GPL)
101228  8:38:21 [Note] Plugin 'FEDERATED' is disabled.
101228  8:38:21  InnoDB: Started; log sequence number 0 162224
101228  8:38:22 [Note] Event Scheduler: Loaded 0 events
101228  8:38:22 [Note] D:\superServer\serv\assets\..\mysql\bin\mysqld.exe: ready for connections.
Version: '5.1.48-community'  socket: ''  port: 3306  MySQL Community Server (GPL)
101228  8:38:42 [Note] Plugin 'FEDERATED' is disabled.
101228  8:38:42  InnoDB: Started; log sequence number 0 162224
101228  8:38:42 [Note] Event Scheduler: Loaded 0 events
101228  8:38:42 [Note] D:\superServer\serv\assets\..\mysql\bin\mysqld.exe: ready for connections.
Version: '5.1.48-community'  socket: ''  port: 3306  MySQL Community Server (GPL)
101228  8:40:10 [Note] Plugin 'FEDERATED' is disabled.
101228  8:40:11  InnoDB: Started; log sequence number 0 162224
101228  8:40:11 [Note] Event Scheduler: Loaded 0 events
101228  8:40:11 [Note] D:\superServer\serv\assets\..\mysql\bin\mysqld.exe: ready for connections.
Version: '5.1.48-community'  socket: ''  port: 3306  MySQL Community Server (GPL)
101228  8:57:40 [Note] Plugin 'FEDERATED' is disabled.
101228  8:57:40  InnoDB: Started; log sequence number 0 162224
101228  8:57:40 [Note] Event Scheduler: Loaded 0 events
101228  8:57:40 [Note] D:\superServer\serv\assets\..\mysql\bin\mysqld.exe: ready for connections.
Version: '5.1.48-community'  socket: ''  port: 3306  MySQL Community Server (GPL)
101228  9:04:31 [Note] Plugin 'FEDERATED' is disabled.
101228  9:04:31  InnoDB: Started; log sequence number 0 162224
101228  9:04:31 [Note] Event Scheduler: Loaded 0 events
101228  9:04:31 [Note] D:\superServer\serv\assets\..\mysql\bin\mysqld.exe: ready for connections.
Version: '5.1.48-community'  socket: ''  port: 3306  MySQL Community Server (GPL)
101228  9:04:55 [Note] Plugin 'FEDERATED' is disabled.
101228  9:04:55  InnoDB: Started; log sequence number 0 162224
101228  9:04:55 [Note] Event Scheduler: Loaded 0 events
101228  9:04:55 [Note] D:\superServer\serv\assets\..\mysql\bin\mysqld.exe: ready for connections.
Version: '5.1.48-community'  socket: ''  port: 3306  MySQL Community Server (GPL)
101228  9:11:56 [Note] Plugin 'FEDERATED' is disabled.
101228  9:11:57  InnoDB: Started; log sequence number 0 162224
101228  9:11:57 [Note] Event Scheduler: Loaded 0 events
101228  9:11:57 [Note] D:\superServer\serv\assets\..\mysql\bin\mysqld.exe: ready for connections.
Version: '5.1.48-community'  socket: ''  port: 3306  MySQL Community Server (GPL)
101228  9:13:15 [Note] Plugin 'FEDERATED' is disabled.
101228  9:13:15  InnoDB: Started; log sequence number 0 162224
101228  9:13:15 [Note] Event Scheduler: Loaded 0 events
101228  9:13:15 [Note] D:\superServer\serv\assets\..\mysql\bin\mysqld.exe: ready for connections.
Version: '5.1.48-community'  socket: ''  port: 3306  MySQL Community Server (GPL)
101228  9:14:03 [Note] Plugin 'FEDERATED' is disabled.
101228  9:14:04  InnoDB: Started; log sequence number 0 162224
101228  9:14:04 [Note] Event Scheduler: Loaded 0 events
101228  9:14:04 [Note] D:\superServer\serv\assets\..\mysql\bin\mysqld.exe: ready for connections.
Version: '5.1.48-community'  socket: ''  port: 3306  MySQL Community Server (GPL)
101228  9:15:07 [Note] Plugin 'FEDERATED' is disabled.
101228  9:15:07  InnoDB: Started; log sequence number 0 162224
101228  9:15:07 [Note] Event Scheduler: Loaded 0 events
101228  9:15:07 [Note] D:\superServer\serv\assets\..\mysql\bin\mysqld.exe: ready for connections.
Version: '5.1.48-community'  socket: ''  port: 3306  MySQL Community Server (GPL)
101228  9:15:30 [Note] Plugin 'FEDERATED' is disabled.
101228  9:15:31  InnoDB: Started; log sequence number 0 162224
101228  9:15:31 [Note] Event Scheduler: Loaded 0 events
101228  9:15:31 [Note] D:\superServer\serv\assets\..\mysql\bin\mysqld.exe: ready for connections.
Version: '5.1.48-community'  socket: ''  port: 3306  MySQL Community Server (GPL)
101228  9:15:55 [Note] Plugin 'FEDERATED' is disabled.
101228  9:15:55  InnoDB: Started; log sequence number 0 162224
101228  9:15:55 [Note] Event Scheduler: Loaded 0 events
101228  9:15:55 [Note] D:\superServer\serv\assets\..\mysql\bin\mysqld.exe: ready for connections.
Version: '5.1.48-community'  socket: ''  port: 3306  MySQL Community Server (GPL)
101228  9:16:09 [Note] Plugin 'FEDERATED' is disabled.
101228  9:16:10  InnoDB: Started; log sequence number 0 162224
101228  9:16:10 [Note] Event Scheduler: Loaded 0 events
101228  9:16:10 [Note] D:\superServer\serv\assets\..\mysql\bin\mysqld.exe: ready for connections.
Version: '5.1.48-community'  socket: ''  port: 3306  MySQL Community Server (GPL)
101228  9:21:55 [Note] Plugin 'FEDERATED' is disabled.
101228  9:21:56  InnoDB: Started; log sequence number 0 162224
101228  9:21:56 [Note] Event Scheduler: Loaded 0 events
101228  9:21:56 [Note] D:\superServer\serv\assets\..\mysql\bin\mysqld.exe: ready for connections.
Version: '5.1.48-community'  socket: ''  port: 3306  MySQL Community Server (GPL)
101228  9:29:26 [Note] Plugin 'FEDERATED' is disabled.
101228  9:29:26  InnoDB: Started; log sequence number 0 162224
101228  9:29:26 [Note] Event Scheduler: Loaded 0 events
101228  9:29:26 [Note] D:\superServer\serv\assets\..\mysql\bin\mysqld.exe: ready for connections.
Version: '5.1.48-community'  socket: ''  port: 3306  MySQL Community Server (GPL)
101228  9:36:15 [Note] Plugin 'FEDERATED' is disabled.
101228  9:36:15  InnoDB: Started; log sequence number 0 162224
101228  9:36:15 [Note] Event Scheduler: Loaded 0 events
101228  9:36:15 [Note] D:\superServer\serv\assets\..\mysql\bin\mysqld.exe: ready for connections.
Version: '5.1.48-community'  socket: ''  port: 3306  MySQL Community Server (GPL)
101228  9:36:49 [Note] Plugin 'FEDERATED' is disabled.
101228  9:36:49  InnoDB: Started; log sequence number 0 162224
101228  9:36:49 [Note] Event Scheduler: Loaded 0 events
101228  9:36:49 [Note] D:\superServer\serv\assets\..\mysql\bin\mysqld.exe: ready for connections.
Version: '5.1.48-community'  socket: ''  port: 3306  MySQL Community Server (GPL)
101228 10:24:03 [Note] Plugin 'FEDERATED' is disabled.
101228 10:24:03  InnoDB: Started; log sequence number 0 162224
101228 10:24:03 [Note] Event Scheduler: Loaded 0 events
101228 10:24:03 [Note] C:\tmp\WNPServer\assets\..\mysql\bin\mysqld.exe: ready for connections.
Version: '5.1.48-community'  socket: ''  port: 3306  MySQL Community Server (GPL)
101228 10:24:49 [Note] Plugin 'FEDERATED' is disabled.
InnoDB: The log sequence number in ibdata files does not match
InnoDB: the log sequence number in the ib_logfiles!
101228 10:24:49  InnoDB: Database was not shut down normally!
InnoDB: Starting crash recovery.
InnoDB: Reading tablespace information from the .ibd files...
InnoDB: Restoring possible half-written data pages from the doublewrite
InnoDB: buffer...
101228 10:24:49  InnoDB: Started; log sequence number 0 162234
101228 10:24:49 [Note] Event Scheduler: Loaded 0 events
101228 10:24:49 [Note] C:\tmp\WNPServer\assets\..\mysql\bin\mysqld.exe: ready for connections.
Version: '5.1.48-community'  socket: ''  port: 3306  MySQL Community Server (GPL)
101228 10:25:17 [Note] Plugin 'FEDERATED' is disabled.
InnoDB: The log sequence number in ibdata files does not match
InnoDB: the log sequence number in the ib_logfiles!
101228 10:25:17  InnoDB: Database was not shut down normally!
InnoDB: Starting crash recovery.
InnoDB: Reading tablespace information from the .ibd files...
InnoDB: Restoring possible half-written data pages from the doublewrite
InnoDB: buffer...
101228 10:25:17  InnoDB: Started; log sequence number 0 162234
101228 10:25:17 [Note] Event Scheduler: Loaded 0 events
101228 10:25:17 [Note] C:\tmp\WNPServer\assets\..\mysql\bin\mysqld.exe: ready for connections.
Version: '5.1.48-community'  socket: ''  port: 3306  MySQL Community Server (GPL)
101228 10:36:51 [Note] Plugin 'FEDERATED' is disabled.
InnoDB: The log sequence number in ibdata files does not match
InnoDB: the log sequence number in the ib_logfiles!
101228 10:36:51  InnoDB: Database was not shut down normally!
InnoDB: Starting crash recovery.
InnoDB: Reading tablespace information from the .ibd files...
InnoDB: Restoring possible half-written data pages from the doublewrite
InnoDB: buffer...
101228 10:36:51  InnoDB: Started; log sequence number 0 162234
101228 10:36:51 [Note] Event Scheduler: Loaded 0 events
101228 10:36:51 [Note] C:\tmp\WNPServer\assets\..\mysql\bin\mysqld.exe: ready for connections.
Version: '5.1.48-community'  socket: ''  port: 3306  MySQL Community Server (GPL)
101228 11:05:56 [Note] Plugin 'FEDERATED' is disabled.
InnoDB: The log sequence number in ibdata files does not match
InnoDB: the log sequence number in the ib_logfiles!
101228 11:05:57  InnoDB: Database was not shut down normally!
InnoDB: Starting crash recovery.
InnoDB: Reading tablespace information from the .ibd files...
InnoDB: Restoring possible half-written data pages from the doublewrite
InnoDB: buffer...
101228 11:05:57  InnoDB: Started; log sequence number 0 162234
101228 11:05:57 [Note] Event Scheduler: Loaded 0 events
101228 11:05:57 [Note] C:\TDDOWNLOAD\WNPServer_v1.0\WNPServer\assets\..\mysql\bin\mysqld.exe: ready for connections.
Version: '5.1.48-community'  socket: ''  port: 3306  MySQL Community Server (GPL)
101228 11:20:40 [Note] Plugin 'FEDERATED' is disabled.
InnoDB: The log sequence number in ibdata files does not match
InnoDB: the log sequence number in the ib_logfiles!
101228 11:20:41  InnoDB: Database was not shut down normally!
InnoDB: Starting crash recovery.
InnoDB: Reading tablespace information from the .ibd files...
InnoDB: Restoring possible half-written data pages from the doublewrite
InnoDB: buffer...
101228 11:20:41  InnoDB: Started; log sequence number 0 162234
101228 11:20:41 [Note] Event Scheduler: Loaded 0 events
101228 11:20:41 [Note] C:\TDDOWNLOAD\WNPServer_v1.0\WNPServer\assets\..\mysql\bin\mysqld.exe: ready for connections.
Version: '5.1.48-community'  socket: ''  port: 3306  MySQL Community Server (GPL)
101228 11:24:21 [Note] Plugin 'FEDERATED' is disabled.
InnoDB: The log sequence number in ibdata files does not match
InnoDB: the log sequence number in the ib_logfiles!
101228 11:24:22  InnoDB: Database was not shut down normally!
InnoDB: Starting crash recovery.
InnoDB: Reading tablespace information from the .ibd files...
InnoDB: Restoring possible half-written data pages from the doublewrite
InnoDB: buffer...
101228 11:24:22  InnoDB: Started; log sequence number 0 162234
101228 11:24:22 [Note] Event Scheduler: Loaded 0 events
101228 11:24:22 [Note] C:\TDDOWNLOAD\WNPServer_v1.0\WNPServer\assets\..\mysql\bin\mysqld.exe: ready for connections.
Version: '5.1.48-community'  socket: ''  port: 3306  MySQL Community Server (GPL)
101228 11:29:36 [Note] Plugin 'FEDERATED' is disabled.
InnoDB: The log sequence number in ibdata files does not match
InnoDB: the log sequence number in the ib_logfiles!
101228 11:29:37  InnoDB: Database was not shut down normally!
InnoDB: Starting crash recovery.
InnoDB: Reading tablespace information from the .ibd files...
InnoDB: Restoring possible half-written data pages from the doublewrite
InnoDB: buffer...
101228 11:29:37  InnoDB: Started; log sequence number 0 162234
101228 11:29:37 [Note] Event Scheduler: Loaded 0 events
101228 11:29:37 [Note] C:\TDDOWNLOAD\WNPServer_v1.0\WNPServer\assets\..\mysql\bin\mysqld.exe: ready for connections.
Version: '5.1.48-community'  socket: ''  port: 3306  MySQL Community Server (GPL)
101228 13:55:31 [Note] Plugin 'FEDERATED' is disabled.
InnoDB: The log sequence number in ibdata files does not match
InnoDB: the log sequence number in the ib_logfiles!
101228 13:55:31  InnoDB: Database was not shut down normally!
InnoDB: Starting crash recovery.
InnoDB: Reading tablespace information from the .ibd files...
InnoDB: Restoring possible half-written data pages from the doublewrite
InnoDB: buffer...
101228 13:55:32  InnoDB: Started; log sequence number 0 162234
101228 13:55:32 [ERROR] D:\superServer\WNPServer\assets\script\..\..\mysql\bin\mysqld.exe: unknown option '--tmp_table_size　200M'
101228 13:55:32 [ERROR] Aborting

101228 13:55:32  InnoDB: Starting shutdown...
101228 13:55:37  InnoDB: Shutdown completed; log sequence number 0 162234
101228 13:55:37 [Note] D:\superServer\WNPServer\assets\script\..\..\mysql\bin\mysqld.exe: Shutdown complete

101228 13:57:30 [Note] Plugin 'FEDERATED' is disabled.
101228 13:57:30  InnoDB: Started; log sequence number 0 162234
101228 13:57:30 [ERROR] D:\superServer\WNPServer\assets\script\..\..\mysql\bin\mysqld.exe: unknown option '--tmp_table_size　200M'
101228 13:57:30 [ERROR] Aborting

101228 13:57:30  InnoDB: Starting shutdown...
101228 13:57:36  InnoDB: Shutdown completed; log sequence number 0 162234
101228 13:57:36 [Note] D:\superServer\WNPServer\assets\script\..\..\mysql\bin\mysqld.exe: Shutdown complete

101228 13:59:10 [Note] Plugin 'FEDERATED' is disabled.
101228 13:59:10  InnoDB: Started; log sequence number 0 162234
101228 13:59:10 [ERROR] D:\superServer\WNPServer\assets\script\..\..\mysql\bin\mysqld.exe: unknown option '--tmp_table_size　200M'
101228 13:59:10 [ERROR] Aborting

101228 13:59:10  InnoDB: Starting shutdown...
101228 13:59:16  InnoDB: Shutdown completed; log sequence number 0 162234
101228 13:59:16 [Note] D:\superServer\WNPServer\assets\script\..\..\mysql\bin\mysqld.exe: Shutdown complete

101228 14:00:30 [Note] Plugin 'FEDERATED' is disabled.
101228 14:00:31  InnoDB: Started; log sequence number 0 162234
101228 14:00:31 [ERROR] D:\superServer\WNPServer\assets\script\..\..\mysql\bin\mysqld.exe: unknown option '--tmp_table_size　200M'
101228 14:00:31 [ERROR] Aborting

101228 14:00:31  InnoDB: Starting shutdown...
101228 14:00:36  InnoDB: Shutdown completed; log sequence number 0 162234
101228 14:00:36 [Note] D:\superServer\WNPServer\assets\script\..\..\mysql\bin\mysqld.exe: Shutdown complete

101228 14:01:14 [Note] Plugin 'FEDERATED' is disabled.
101228 14:01:15  InnoDB: Started; log sequence number 0 162234
101228 14:01:15 [ERROR] D:\superServer\WNPServer\assets\script\..\..\mysql\bin\mysqld.exe: unknown option '--tmp_table_size　200M'
101228 14:01:15 [ERROR] Aborting

101228 14:01:15  InnoDB: Starting shutdown...
101228 14:01:20  InnoDB: Shutdown completed; log sequence number 0 162234
101228 14:01:20 [Note] D:\superServer\WNPServer\assets\script\..\..\mysql\bin\mysqld.exe: Shutdown complete

101228 14:01:56 [Note] Plugin 'FEDERATED' is disabled.
101228 14:01:56  InnoDB: Started; log sequence number 0 162234
101228 14:01:56 [ERROR] D:\superServer\WNPServer\assets\script\..\..\mysql\bin\mysqld.exe: unknown option '--tmp_table_size　200M'
101228 14:01:56 [ERROR] Aborting

101228 14:01:56  InnoDB: Starting shutdown...
101228 14:02:02  InnoDB: Shutdown completed; log sequence number 0 162234
101228 14:02:02 [Note] D:\superServer\WNPServer\assets\script\..\..\mysql\bin\mysqld.exe: Shutdown complete

101228 14:02:46 [Note] Plugin 'FEDERATED' is disabled.
101228 14:02:47  InnoDB: Started; log sequence number 0 162234
101228 14:02:47 [ERROR] D:\superServer\WNPServer\assets\script\..\..\mysql\bin\mysqld.exe: unknown option '--tmp_table_size　200M'
101228 14:02:47 [ERROR] Aborting

101228 14:02:47  InnoDB: Starting shutdown...
101228 14:02:52  InnoDB: Shutdown completed; log sequence number 0 162234
101228 14:02:52 [Note] D:\superServer\WNPServer\assets\script\..\..\mysql\bin\mysqld.exe: Shutdown complete

101228 14:03:45 [Note] Plugin 'FEDERATED' is disabled.
101228 14:03:45  InnoDB: Started; log sequence number 0 162234
101228 14:03:45 [ERROR] D:\superServer\WNPServer\assets\script\..\..\mysql\bin\mysqld.exe: unknown option '--tmp_table_size　200M'
101228 14:03:45 [ERROR] Aborting

101228 14:03:45  InnoDB: Starting shutdown...
101228 14:03:50  InnoDB: Shutdown completed; log sequence number 0 162234
101228 14:03:50 [Note] D:\superServer\WNPServer\assets\script\..\..\mysql\bin\mysqld.exe: Shutdown complete

101228 14:06:26 [Note] Plugin 'FEDERATED' is disabled.
101228 14:06:26  InnoDB: Started; log sequence number 0 162234
101228 14:06:26 [ERROR] D:\superServer\WNPServer\assets\script\..\..\mysql\bin\mysqld.exe: unknown option '--tmp_table_size　200M'
101228 14:06:26 [ERROR] Aborting

101228 14:06:26  InnoDB: Starting shutdown...
101228 14:06:32  InnoDB: Shutdown completed; log sequence number 0 162234
101228 14:06:32 [Note] D:\superServer\WNPServer\assets\script\..\..\mysql\bin\mysqld.exe: Shutdown complete

101228 14:06:48 [Note] Plugin 'FEDERATED' is disabled.
101228 14:06:48  InnoDB: Started; log sequence number 0 162234
101228 14:06:48 [ERROR] D:\superServer\WNPServer\assets\script\..\..\mysql\bin\mysqld.exe: unknown option '--tmp_table_size　200M'
101228 14:06:48 [ERROR] Aborting

101228 14:06:48  InnoDB: Starting shutdown...
101228 14:06:53  InnoDB: Shutdown completed; log sequence number 0 162234
101228 14:06:53 [Note] D:\superServer\WNPServer\assets\script\..\..\mysql\bin\mysqld.exe: Shutdown complete

101228 14:09:03 [Note] Plugin 'FEDERATED' is disabled.
101228 14:09:03  InnoDB: Started; log sequence number 0 162234
101228 14:09:03 [ERROR] D:\superServer\WNPServer\mysql\bin\mysqld.exe: unknown option '--tmp_table_size　200M'
101228 14:09:03 [ERROR] Aborting

101228 14:09:03  InnoDB: Starting shutdown...
101228 14:09:09  InnoDB: Shutdown completed; log sequence number 0 162234
101228 14:09:09 [Note] D:\superServer\WNPServer\mysql\bin\mysqld.exe: Shutdown complete

101228 14:09:54 [Note] Plugin 'FEDERATED' is disabled.
101228 14:09:55  InnoDB: Started; log sequence number 0 162234
101228 14:09:55 [ERROR] D:\superServer\WNPServer\mysql\bin\mysqld.exe: unknown option '--tmp_table_size　200M'
101228 14:09:55 [ERROR] Aborting

101228 14:09:55  InnoDB: Starting shutdown...
101228 14:10:00  InnoDB: Shutdown completed; log sequence number 0 162234
101228 14:10:00 [Note] D:\superServer\WNPServer\mysql\bin\mysqld.exe: Shutdown complete

101228 14:10:19 [Note] Plugin 'FEDERATED' is disabled.
101228 14:10:19  InnoDB: Started; log sequence number 0 162234
101228 14:10:20 [Note] Event Scheduler: Loaded 0 events
101228 14:10:20 [Note] D:\superServer\WNPServer\mysql\bin\mysqld.exe: ready for connections.
Version: '5.1.48-community'  socket: ''  port: 3306  MySQL Community Server (GPL)
101228 14:10:56 [Note] Plugin 'FEDERATED' is disabled.
101228 14:10:56  InnoDB: Started; log sequence number 0 162234
101228 14:10:56 [Note] Event Scheduler: Loaded 0 events
101228 14:10:56 [Note] D:\superServer\WNPServer\mysql\bin\mysqld.exe: ready for connections.
Version: '5.1.48-community'  socket: ''  port: 3306  MySQL Community Server (GPL)
101228 14:13:07 [Note] Plugin 'FEDERATED' is disabled.
101228 14:13:08  InnoDB: Started; log sequence number 0 162234
101228 14:13:08 [Note] Event Scheduler: Loaded 0 events
101228 14:13:08 [Note] D:\superServer\WNPServer\assets\script\..\..\mysql\bin\mysqld.exe: ready for connections.
Version: '5.1.48-community'  socket: ''  port: 3306  MySQL Community Server (GPL)
101228 14:14:43 [Note] Plugin 'FEDERATED' is disabled.
InnoDB: The log sequence number in ibdata files does not match
InnoDB: the log sequence number in the ib_logfiles!
101228 14:14:44  InnoDB: Database was not shut down normally!
InnoDB: Starting crash recovery.
InnoDB: Reading tablespace information from the .ibd files...
InnoDB: Restoring possible half-written data pages from the doublewrite
InnoDB: buffer...
101228 14:14:44  InnoDB: Started; log sequence number 0 162244
101228 14:14:44 [ERROR] Aborting

101228 14:14:44  InnoDB: Starting shutdown...
101228 14:14:49  InnoDB: Shutdown completed; log sequence number 0 162244
101228 14:14:49 [Note] 
101228 14:15:00 [Note] Plugin 'FEDERATED' is disabled.
101228 14:15:00  InnoDB: Started; log sequence number 0 162244
101228 14:15:00 [Note] Event Scheduler: Loaded 0 events
101228 14:15:00 [Note] D:\superServer\WNPServer\assets\script\..\..\mysql\bin\mysqld.exe: ready for connections.
Version: '5.1.48-community'  socket: ''  port: 3306  MySQL Community Server (GPL)
101228 14:17:12 [Note] Plugin 'FEDERATED' is disabled.
101228 14:17:13  InnoDB: Started; log sequence number 0 162244
101228 14:17:13 [Note] Event Scheduler: Loaded 0 events
101228 14:17:13 [Note] D:\superServer\WNPServer\assets\script\..\..\mysql\bin\mysqld.exe: ready for connections.
Version: '5.1.48-community'  socket: ''  port: 3306  MySQL Community Server (GPL)
101228 14:22:43 [Note] Plugin 'FEDERATED' is disabled.
101228 14:22:43  InnoDB: Started; log sequence number 0 162244
101228 14:22:43 [Note] Event Scheduler: Loaded 0 events
101228 14:22:43 [Note] D:\superServer\WNPServer\assets\script\..\..\mysql\bin\mysqld.exe: ready for connections.
Version: '5.1.48-community'  socket: ''  port: 3306  MySQL Community Server (GPL)
101228 14:31:15 [Note] Plugin 'FEDERATED' is disabled.
101228 14:31:15  InnoDB: Started; log sequence number 0 162244
101228 14:31:15 [Note] Event Scheduler: Loaded 0 events
101228 14:31:15 [Note] D:\superServer\WNPServer\assets\script\..\..\mysql\bin\mysqld.exe: ready for connections.
Version: '5.1.48-community'  socket: ''  port: 3306  MySQL Community Server (GPL)
101228 14:32:15 [Note] Plugin 'FEDERATED' is disabled.
101228 14:32:15  InnoDB: Started; log sequence number 0 162244
101228 14:32:15 [Note] Event Scheduler: Loaded 0 events
101228 14:32:15 [Note] D:\superServer\WNPServer\assets\script\..\..\mysql\bin\mysqld.exe: ready for connections.
Version: '5.1.48-community'  socket: ''  port: 3306  MySQL Community Server (GPL)
101228 14:35:28 [Note] Plugin 'FEDERATED' is disabled.
101228 14:35:28  InnoDB: Started; log sequence number 0 162244
101228 14:35:28 [Note] Event Scheduler: Loaded 0 events
101228 14:35:28 [Note] D:\superServer\WNPServer\assets\script\..\..\mysql\bin\mysqld.exe: ready for connections.
Version: '5.1.48-community'  socket: ''  port: 3306  MySQL Community Server (GPL)
101228 14:39:30 [Note] Plugin 'FEDERATED' is disabled.
101228 14:39:30  InnoDB: Started; log sequence number 0 162244
101228 14:39:30 [Note] Event Scheduler: Loaded 0 events
101228 14:39:30 [Note] D:\superServer\WNPServer\assets\script\..\..\mysql\bin\mysqld.exe: ready for connections.
Version: '5.1.48-community'  socket: ''  port: 3306  MySQL Community Server (GPL)
101228 14:46:23 [Note] Plugin 'FEDERATED' is disabled.
101228 14:46:24  InnoDB: Started; log sequence number 0 162244
101228 14:46:24 [Note] Event Scheduler: Loaded 0 events
101228 14:46:24 [Note] D:\superServer\WNPServer\assets\script\..\..\mysql\bin\mysqld.exe: ready for connections.
Version: '5.1.48-community'  socket: ''  port: 3306  MySQL Community Server (GPL)
101228 14:48:04 [Note] Plugin 'FEDERATED' is disabled.
101228 14:48:04  InnoDB: Started; log sequence number 0 162244
101228 14:48:04 [Note] Event Scheduler: Loaded 0 events
101228 14:48:04 [Note] D:\superServer\WNPServer\assets\script\..\..\mysql\bin\mysqld.exe: ready for connections.
Version: '5.1.48-community'  socket: ''  port: 3306  MySQL Community Server (GPL)
101228 14:58:30 [Note] Plugin 'FEDERATED' is disabled.
101228 14:58:30  InnoDB: Started; log sequence number 0 162244
101228 14:58:30 [Note] Event Scheduler: Loaded 0 events
101228 14:58:30 [Note] D:\superServer\WNPServer\assets\script\..\..\mysql\bin\mysqld.exe: ready for connections.
Version: '5.1.48-community'  socket: ''  port: 3306  MySQL Community Server (GPL)
101228 15:24:33 [Note] Plugin 'FEDERATED' is disabled.
101228 15:24:33  InnoDB: Started; log sequence number 0 162244
101228 15:24:33 [Note] Event Scheduler: Loaded 0 events
101228 15:24:33 [Note] D:\superServer\WNPServer\assets\script\..\..\mysql\bin\mysqld.exe: ready for connections.
Version: '5.1.48-community'  socket: ''  port: 3306  MySQL Community Server (GPL)
101228 15:30:16 [Note] Plugin 'FEDERATED' is disabled.
101228 15:30:16  InnoDB: Started; log sequence number 0 162244
101228 15:30:16 [Note] Event Scheduler: Loaded 0 events
101228 15:30:16 [Note] D:\superServer\WNPServer\assets\script\..\..\mysql\bin\mysqld.exe: ready for connections.
Version: '5.1.48-community'  socket: ''  port: 3306  MySQL Community Server (GPL)
101228 15:32:17 [Note] Plugin 'FEDERATED' is disabled.
101228 15:32:18  InnoDB: Started; log sequence number 0 162244
101228 15:32:18 [Note] Event Scheduler: Loaded 0 events
101228 15:32:18 [Note] D:\superServer\WNPServer\assets\script\..\..\mysql\bin\mysqld.exe: ready for connections.
Version: '5.1.48-community'  socket: ''  port: 3306  MySQL Community Server (GPL)
101228 15:36:29 [Note] Plugin 'FEDERATED' is disabled.
101228 15:36:29  InnoDB: Started; log sequence number 0 162244
101228 15:36:29 [Note] Event Scheduler: Loaded 0 events
101228 15:36:29 [Note] D:\superServer\WNPServer\assets\script\..\..\mysql\bin\mysqld.exe: ready for connections.
Version: '5.1.48-community'  socket: ''  port: 3306  MySQL Community Server (GPL)
101228 15:44:17 [Note] Plugin 'FEDERATED' is disabled.
101228 15:44:17  InnoDB: Started; log sequence number 0 162244
101228 15:44:17 [Note] Event Scheduler: Loaded 0 events
101228 15:44:17 [Note] D:\superServer\WNPServer\assets\script\..\..\mysql\bin\mysqld.exe: ready for connections.
Version: '5.1.48-community'  socket: ''  port: 3306  MySQL Community Server (GPL)
101228 15:45:32 [Note] Plugin 'FEDERATED' is disabled.
101228 15:45:32  InnoDB: Started; log sequence number 0 162244
101228 15:45:32 [Note] Event Scheduler: Loaded 0 events
101228 15:45:32 [Note] D:\superServer\WNPServer\assets\script\..\..\mysql\bin\mysqld.exe: ready for connections.
Version: '5.1.48-community'  socket: ''  port: 3306  MySQL Community Server (GPL)
101228 15:51:54 [Note] Plugin 'FEDERATED' is disabled.
101228 15:51:55  InnoDB: Started; log sequence number 0 162244
101228 15:51:55 [Note] Event Scheduler: Loaded 0 events
101228 15:51:55 [Note] D:\superServer\WNPServer\assets\script\..\..\mysql\bin\mysqld.exe: ready for connections.
Version: '5.1.48-community'  socket: ''  port: 3306  MySQL Community Server (GPL)
101228 15:53:33 [Note] Plugin 'FEDERATED' is disabled.
101228 15:53:33  InnoDB: Started; log sequence number 0 162244
101228 15:53:33 [Note] Event Scheduler: Loaded 0 events
101228 15:53:33 [Note] D:\superServer\WNPServer\assets\script\..\..\mysql\bin\mysqld.exe: ready for connections.
Version: '5.1.48-community'  socket: ''  port: 3306  MySQL Community Server (GPL)
101228 16:12:33 [Note] Plugin 'FEDERATED' is disabled.
101228 16:12:35  InnoDB: Started; log sequence number 0 162244
101228 16:12:35 [Note] Event Scheduler: Loaded 0 events
101228 16:12:35 [Note] D:\superServer\WNPServer\assets\script\..\..\mysql\bin\mysqld.exe: ready for connections.
Version: '5.1.48-community'  socket: ''  port: 3306  MySQL Community Server (GPL)
101228 16:13:19 [Note] Plugin 'FEDERATED' is disabled.
101228 16:13:20  InnoDB: Started; log sequence number 0 162244
101228 16:13:20 [Note] Event Scheduler: Loaded 0 events
101228 16:13:20 [Note] D:\superServer\WNPServer\assets\script\..\..\mysql\bin\mysqld.exe: ready for connections.
Version: '5.1.48-community'  socket: ''  port: 3306  MySQL Community Server (GPL)
